c:\users\thomas\documents\cesi\2_année\projet_2\poo_project-master\poo_project\debug\vc142.pdb
c:\users\thomas\documents\cesi\2_année\projet_2\poo_project-master\poo_project\debug\.netframework,version=v4.7.2.assemblyattributes.obj
c:\users\thomas\documents\cesi\2_année\projet_2\poo_project-master\poo_project\debug\table.obj
c:\users\thomas\documents\cesi\2_année\projet_2\poo_project-master\poo_project\debug\source.obj
c:\users\thomas\documents\cesi\2_année\projet_2\poo_project-master\poo_project\debug\produit.obj
c:\users\thomas\documents\cesi\2_année\projet_2\poo_project-master\poo_project\debug\mainform.obj
c:\users\thomas\documents\cesi\2_année\projet_2\poo_project-master\poo_project\debug\employe.obj
c:\users\thomas\documents\cesi\2_année\projet_2\poo_project-master\poo_project\debug\commande.obj
c:\users\thomas\documents\cesi\2_année\projet_2\poo_project-master\poo_project\debug\client.obj
c:\users\thomas\documents\cesi\2_année\projet_2\poo_project-master\poo_project\debug\backform.obj
c:\users\thomas\documents\cesi\2_année\projet_2\poo_project-master\poo_project\debug\poo_project.exe
c:\users\thomas\documents\cesi\2_année\projet_2\poo_project-master\poo_project\debug\poo_project.pdb
c:\users\thomas\documents\cesi\2_année\projet_2\poo_project-master\poo_project\debug\pooproject.backform.resources
c:\users\thomas\documents\cesi\2_année\projet_2\poo_project-master\poo_project\debug\pooproject.mainform.resources
c:\users\thomas\documents\cesi\2_année\projet_2\poo_project-master\poo_project\debug\poo_project.exe.metagen
c:\users\thomas\documents\cesi\2_année\projet_2\poo_project-master\poo_project\debug\poo_project.tlog\cl.command.1.tlog
c:\users\thomas\documents\cesi\2_année\projet_2\poo_project-master\poo_project\debug\poo_project.tlog\cl.read.1.tlog
c:\users\thomas\documents\cesi\2_année\projet_2\poo_project-master\poo_project\debug\poo_project.tlog\cl.write.1.tlog
c:\users\thomas\documents\cesi\2_année\projet_2\poo_project-master\poo_project\debug\poo_project.tlog\link.command.1.tlog
c:\users\thomas\documents\cesi\2_année\projet_2\poo_project-master\poo_project\debug\poo_project.tlog\link.read.1.tlog
c:\users\thomas\documents\cesi\2_année\projet_2\poo_project-master\poo_project\debug\poo_project.tlog\link.write.1.tlog
c:\users\thomas\documents\cesi\2_année\projet_2\poo_project-master\poo_project\debug\poo_project.tlog\metagen.read.1.tlog
c:\users\thomas\documents\cesi\2_année\projet_2\poo_project-master\poo_project\debug\poo_project.tlog\metagen.write.1.tlog
c:\users\thomas\documents\cesi\2_année\projet_2\poo_project-master\poo_project\debug\poo_project.tlog\poo_project.write.1u.tlog
